13:47:47,735 ERROR [org.apache.solr.core.CoreContainer] java.lang.RuntimeException: java.io.FileNotFoundException: /Users/fegor/Documents/workspace/alfviral/solr/solr_home/archive/SpacesStore/index/segments_11 (No such file or directory)
	at org.apache.solr.core.SolrCore.getSearcher(SolrCore.java:1068)
	at org.apache.solr.core.SolrCore.<init>(SolrCore.java:579)
	at org.apache.solr.core.CoreContainer.create(CoreContainer.java:428)
	at org.apache.solr.core.CoreContainer.load(CoreContainer.java:278)
	at org.apache.solr.core.CoreContainer$Initializer.initialize(CoreContainer.java:117)
	at org.apache.solr.servlet.SolrDispatchFilter.init(SolrDispatchFilter.java:83)
	at org.apache.catalina.core.ApplicationFilterConfig.initFilter(ApplicationFilterConfig.java:281)
	at org.apache.catalina.core.ApplicationFilterConfig.getFilter(ApplicationFilterConfig.java:262)
	at org.apache.catalina.core.ApplicationFilterConfig.<init>(ApplicationFilterConfig.java:107)
	at org.apache.catalina.core.StandardContext.filterStart(StandardContext.java:4656)
	at org.apache.catalina.core.StandardContext.startInternal(StandardContext.java:5309)
	at org.apache.catalina.util.LifecycleBase.start(LifecycleBase.java:150)
	at org.apache.catalina.core.ContainerBase$StartChild.call(ContainerBase.java:1559)
	at org.apache.catalina.core.ContainerBase$StartChild.call(ContainerBase.java:1549)
	at java.util.concurrent.FutureTask.run(FutureTask.java:262)
	at java.util.concurrent.ThreadPoolExecutor.runWorker(ThreadPoolExecutor.java:1145)
	at java.util.concurrent.ThreadPoolExecutor$Worker.run(ThreadPoolExecutor.java:615)
	at java.lang.Thread.run(Thread.java:744)
Caused by: java.io.FileNotFoundException: /Users/fegor/Documents/workspace/alfviral/solr/solr_home/archive/SpacesStore/index/segments_11 (No such file or directory)
	at java.io.RandomAccessFile.open(Native Method)
	at java.io.RandomAccessFile.<init>(RandomAccessFile.java:241)
	at org.apache.lucene.store.SimpleFSDirectory$SimpleFSIndexInput$Descriptor.<init>(SimpleFSDirectory.java:78)
	at org.apache.lucene.store.SimpleFSDirectory$SimpleFSIndexInput.<init>(SimpleFSDirectory.java:108)
	at org.apache.lucene.store.NIOFSDirectory$NIOFSIndexInput.<init>(NIOFSDirectory.java:94)
	at org.apache.lucene.store.NIOFSDirectory.openInput(NIOFSDirectory.java:70)
	at org.apache.lucene.store.FSDirectory.openInput(FSDirectory.java:691)
	at org.apache.lucene.index.SegmentInfos.read(SegmentInfos.java:236)
	at org.apache.lucene.index.DirectoryReader$1.doBody(DirectoryReader.java:72)
	at org.apache.lucene.index.SegmentInfos$FindSegmentsFile.run(SegmentInfos.java:683)
	at org.apache.lucene.index.DirectoryReader.open(DirectoryReader.java:69)
	at org.apache.lucene.index.IndexReader.open(IndexReader.java:476)
	at org.apache.lucene.index.IndexReader.open(IndexReader.java:403)
	at org.apache.solr.core.StandardIndexReaderFactory.newReader(StandardIndexReaderFactory.java:38)
	at org.apache.solr.core.SolrCore.getSearcher(SolrCore.java:1057)
	... 17 more

13:47:48,497 ERROR [org.apache.solr.core.CoreContainer] java.lang.RuntimeException: java.io.FileNotFoundException: /Users/fegor/Documents/workspace/alfviral/solr/solr_home/workspace/SpacesStore/index/segments_11 (No such file or directory)
	at org.apache.solr.core.SolrCore.getSearcher(SolrCore.java:1068)
	at org.apache.solr.core.SolrCore.<init>(SolrCore.java:579)
	at org.apache.solr.core.CoreContainer.create(CoreContainer.java:428)
	at org.apache.solr.core.CoreContainer.load(CoreContainer.java:278)
	at org.apache.solr.core.CoreContainer$Initializer.initialize(CoreContainer.java:117)
	at org.apache.solr.servlet.SolrDispatchFilter.init(SolrDispatchFilter.java:83)
	at org.apache.catalina.core.ApplicationFilterConfig.initFilter(ApplicationFilterConfig.java:281)
	at org.apache.catalina.core.ApplicationFilterConfig.getFilter(ApplicationFilterConfig.java:262)
	at org.apache.catalina.core.ApplicationFilterConfig.<init>(ApplicationFilterConfig.java:107)
	at org.apache.catalina.core.StandardContext.filterStart(StandardContext.java:4656)
	at org.apache.catalina.core.StandardContext.startInternal(StandardContext.java:5309)
	at org.apache.catalina.util.LifecycleBase.start(LifecycleBase.java:150)
	at org.apache.catalina.core.ContainerBase$StartChild.call(ContainerBase.java:1559)
	at org.apache.catalina.core.ContainerBase$StartChild.call(ContainerBase.java:1549)
	at java.util.concurrent.FutureTask.run(FutureTask.java:262)
	at java.util.concurrent.ThreadPoolExecutor.runWorker(ThreadPoolExecutor.java:1145)
	at java.util.concurrent.ThreadPoolExecutor$Worker.run(ThreadPoolExecutor.java:615)
	at java.lang.Thread.run(Thread.java:744)
Caused by: java.io.FileNotFoundException: /Users/fegor/Documents/workspace/alfviral/solr/solr_home/workspace/SpacesStore/index/segments_11 (No such file or directory)
	at java.io.RandomAccessFile.open(Native Method)
	at java.io.RandomAccessFile.<init>(RandomAccessFile.java:241)
	at org.apache.lucene.store.SimpleFSDirectory$SimpleFSIndexInput$Descriptor.<init>(SimpleFSDirectory.java:78)
	at org.apache.lucene.store.SimpleFSDirectory$SimpleFSIndexInput.<init>(SimpleFSDirectory.java:108)
	at org.apache.lucene.store.NIOFSDirectory$NIOFSIndexInput.<init>(NIOFSDirectory.java:94)
	at org.apache.lucene.store.NIOFSDirectory.openInput(NIOFSDirectory.java:70)
	at org.apache.lucene.store.FSDirectory.openInput(FSDirectory.java:691)
	at org.apache.lucene.index.SegmentInfos.read(SegmentInfos.java:236)
	at org.apache.lucene.index.DirectoryReader$1.doBody(DirectoryReader.java:72)
	at org.apache.lucene.index.SegmentInfos$FindSegmentsFile.run(SegmentInfos.java:683)
	at org.apache.lucene.index.DirectoryReader.open(DirectoryReader.java:69)
	at org.apache.lucene.index.IndexReader.open(IndexReader.java:476)
	at org.apache.lucene.index.IndexReader.open(IndexReader.java:403)
	at org.apache.solr.core.StandardIndexReaderFactory.newReader(StandardIndexReaderFactory.java:38)
	at org.apache.solr.core.SolrCore.getSearcher(SolrCore.java:1057)
	... 17 more

14:02:39,691 ERROR [org.apache.solr.core.CoreContainer] java.lang.RuntimeException: java.io.FileNotFoundException: /Users/fegor/Documents/workspace/alfviral/solr/solr_home/archive/SpacesStore/index/segments_11 (No such file or directory)
	at org.apache.solr.core.SolrCore.getSearcher(SolrCore.java:1068)
	at org.apache.solr.core.SolrCore.<init>(SolrCore.java:579)
	at org.apache.solr.core.CoreContainer.create(CoreContainer.java:428)
	at org.apache.solr.core.CoreContainer.load(CoreContainer.java:278)
	at org.apache.solr.core.CoreContainer$Initializer.initialize(CoreContainer.java:117)
	at org.apache.solr.servlet.SolrDispatchFilter.init(SolrDispatchFilter.java:83)
	at org.apache.catalina.core.ApplicationFilterConfig.initFilter(ApplicationFilterConfig.java:281)
	at org.apache.catalina.core.ApplicationFilterConfig.getFilter(ApplicationFilterConfig.java:262)
	at org.apache.catalina.core.ApplicationFilterConfig.<init>(ApplicationFilterConfig.java:107)
	at org.apache.catalina.core.StandardContext.filterStart(StandardContext.java:4656)
	at org.apache.catalina.core.StandardContext.startInternal(StandardContext.java:5309)
	at org.apache.catalina.util.LifecycleBase.start(LifecycleBase.java:150)
	at org.apache.catalina.core.ContainerBase$StartChild.call(ContainerBase.java:1559)
	at org.apache.catalina.core.ContainerBase$StartChild.call(ContainerBase.java:1549)
	at java.util.concurrent.FutureTask.run(FutureTask.java:262)
	at java.util.concurrent.ThreadPoolExecutor.runWorker(ThreadPoolExecutor.java:1145)
	at java.util.concurrent.ThreadPoolExecutor$Worker.run(ThreadPoolExecutor.java:615)
	at java.lang.Thread.run(Thread.java:744)
Caused by: java.io.FileNotFoundException: /Users/fegor/Documents/workspace/alfviral/solr/solr_home/archive/SpacesStore/index/segments_11 (No such file or directory)
	at java.io.RandomAccessFile.open(Native Method)
	at java.io.RandomAccessFile.<init>(RandomAccessFile.java:241)
	at org.apache.lucene.store.SimpleFSDirectory$SimpleFSIndexInput$Descriptor.<init>(SimpleFSDirectory.java:78)
	at org.apache.lucene.store.SimpleFSDirectory$SimpleFSIndexInput.<init>(SimpleFSDirectory.java:108)
	at org.apache.lucene.store.NIOFSDirectory$NIOFSIndexInput.<init>(NIOFSDirectory.java:94)
	at org.apache.lucene.store.NIOFSDirectory.openInput(NIOFSDirectory.java:70)
	at org.apache.lucene.store.FSDirectory.openInput(FSDirectory.java:691)
	at org.apache.lucene.index.SegmentInfos.read(SegmentInfos.java:236)
	at org.apache.lucene.index.DirectoryReader$1.doBody(DirectoryReader.java:72)
	at org.apache.lucene.index.SegmentInfos$FindSegmentsFile.run(SegmentInfos.java:683)
	at org.apache.lucene.index.DirectoryReader.open(DirectoryReader.java:69)
	at org.apache.lucene.index.IndexReader.open(IndexReader.java:476)
	at org.apache.lucene.index.IndexReader.open(IndexReader.java:403)
	at org.apache.solr.core.StandardIndexReaderFactory.newReader(StandardIndexReaderFactory.java:38)
	at org.apache.solr.core.SolrCore.getSearcher(SolrCore.java:1057)
	... 17 more

14:02:40,466 ERROR [org.apache.solr.core.CoreContainer] java.lang.RuntimeException: java.io.FileNotFoundException: /Users/fegor/Documents/workspace/alfviral/solr/solr_home/workspace/SpacesStore/index/segments_11 (No such file or directory)
	at org.apache.solr.core.SolrCore.getSearcher(SolrCore.java:1068)
	at org.apache.solr.core.SolrCore.<init>(SolrCore.java:579)
	at org.apache.solr.core.CoreContainer.create(CoreContainer.java:428)
	at org.apache.solr.core.CoreContainer.load(CoreContainer.java:278)
	at org.apache.solr.core.CoreContainer$Initializer.initialize(CoreContainer.java:117)
	at org.apache.solr.servlet.SolrDispatchFilter.init(SolrDispatchFilter.java:83)
	at org.apache.catalina.core.ApplicationFilterConfig.initFilter(ApplicationFilterConfig.java:281)
	at org.apache.catalina.core.ApplicationFilterConfig.getFilter(ApplicationFilterConfig.java:262)
	at org.apache.catalina.core.ApplicationFilterConfig.<init>(ApplicationFilterConfig.java:107)
	at org.apache.catalina.core.StandardContext.filterStart(StandardContext.java:4656)
	at org.apache.catalina.core.StandardContext.startInternal(StandardContext.java:5309)
	at org.apache.catalina.util.LifecycleBase.start(LifecycleBase.java:150)
	at org.apache.catalina.core.ContainerBase$StartChild.call(ContainerBase.java:1559)
	at org.apache.catalina.core.ContainerBase$StartChild.call(ContainerBase.java:1549)
	at java.util.concurrent.FutureTask.run(FutureTask.java:262)
	at java.util.concurrent.ThreadPoolExecutor.runWorker(ThreadPoolExecutor.java:1145)
	at java.util.concurrent.ThreadPoolExecutor$Worker.run(ThreadPoolExecutor.java:615)
	at java.lang.Thread.run(Thread.java:744)
Caused by: java.io.FileNotFoundException: /Users/fegor/Documents/workspace/alfviral/solr/solr_home/workspace/SpacesStore/index/segments_11 (No such file or directory)
	at java.io.RandomAccessFile.open(Native Method)
	at java.io.RandomAccessFile.<init>(RandomAccessFile.java:241)
	at org.apache.lucene.store.SimpleFSDirectory$SimpleFSIndexInput$Descriptor.<init>(SimpleFSDirectory.java:78)
	at org.apache.lucene.store.SimpleFSDirectory$SimpleFSIndexInput.<init>(SimpleFSDirectory.java:108)
	at org.apache.lucene.store.NIOFSDirectory$NIOFSIndexInput.<init>(NIOFSDirectory.java:94)
	at org.apache.lucene.store.NIOFSDirectory.openInput(NIOFSDirectory.java:70)
	at org.apache.lucene.store.FSDirectory.openInput(FSDirectory.java:691)
	at org.apache.lucene.index.SegmentInfos.read(SegmentInfos.java:236)
	at org.apache.lucene.index.DirectoryReader$1.doBody(DirectoryReader.java:72)
	at org.apache.lucene.index.SegmentInfos$FindSegmentsFile.run(SegmentInfos.java:683)
	at org.apache.lucene.index.DirectoryReader.open(DirectoryReader.java:69)
	at org.apache.lucene.index.IndexReader.open(IndexReader.java:476)
	at org.apache.lucene.index.IndexReader.open(IndexReader.java:403)
	at org.apache.solr.core.StandardIndexReaderFactory.newReader(StandardIndexReaderFactory.java:38)
	at org.apache.solr.core.SolrCore.getSearcher(SolrCore.java:1057)
	... 17 more

14:08:45,092 ERROR [org.apache.solr.core.CoreContainer] java.lang.RuntimeException: java.io.FileNotFoundException: /Users/fegor/Documents/workspace/alfviral/solr/solr_home/archive/SpacesStore/index/segments_11 (No such file or directory)
	at org.apache.solr.core.SolrCore.getSearcher(SolrCore.java:1068)
	at org.apache.solr.core.SolrCore.<init>(SolrCore.java:579)
	at org.apache.solr.core.CoreContainer.create(CoreContainer.java:428)
	at org.apache.solr.core.CoreContainer.load(CoreContainer.java:278)
	at org.apache.solr.core.CoreContainer$Initializer.initialize(CoreContainer.java:117)
	at org.apache.solr.servlet.SolrDispatchFilter.init(SolrDispatchFilter.java:83)
	at org.apache.catalina.core.ApplicationFilterConfig.initFilter(ApplicationFilterConfig.java:281)
	at org.apache.catalina.core.ApplicationFilterConfig.getFilter(ApplicationFilterConfig.java:262)
	at org.apache.catalina.core.ApplicationFilterConfig.<init>(ApplicationFilterConfig.java:107)
	at org.apache.catalina.core.StandardContext.filterStart(StandardContext.java:4656)
	at org.apache.catalina.core.StandardContext.startInternal(StandardContext.java:5309)
	at org.apache.catalina.util.LifecycleBase.start(LifecycleBase.java:150)
	at org.apache.catalina.core.ContainerBase$StartChild.call(ContainerBase.java:1559)
	at org.apache.catalina.core.ContainerBase$StartChild.call(ContainerBase.java:1549)
	at java.util.concurrent.FutureTask.run(FutureTask.java:262)
	at java.util.concurrent.ThreadPoolExecutor.runWorker(ThreadPoolExecutor.java:1145)
	at java.util.concurrent.ThreadPoolExecutor$Worker.run(ThreadPoolExecutor.java:615)
	at java.lang.Thread.run(Thread.java:744)
Caused by: java.io.FileNotFoundException: /Users/fegor/Documents/workspace/alfviral/solr/solr_home/archive/SpacesStore/index/segments_11 (No such file or directory)
	at java.io.RandomAccessFile.open(Native Method)
	at java.io.RandomAccessFile.<init>(RandomAccessFile.java:241)
	at org.apache.lucene.store.SimpleFSDirectory$SimpleFSIndexInput$Descriptor.<init>(SimpleFSDirectory.java:78)
	at org.apache.lucene.store.SimpleFSDirectory$SimpleFSIndexInput.<init>(SimpleFSDirectory.java:108)
	at org.apache.lucene.store.NIOFSDirectory$NIOFSIndexInput.<init>(NIOFSDirectory.java:94)
	at org.apache.lucene.store.NIOFSDirectory.openInput(NIOFSDirectory.java:70)
	at org.apache.lucene.store.FSDirectory.openInput(FSDirectory.java:691)
	at org.apache.lucene.index.SegmentInfos.read(SegmentInfos.java:236)
	at org.apache.lucene.index.DirectoryReader$1.doBody(DirectoryReader.java:72)
	at org.apache.lucene.index.SegmentInfos$FindSegmentsFile.run(SegmentInfos.java:683)
	at org.apache.lucene.index.DirectoryReader.open(DirectoryReader.java:69)
	at org.apache.lucene.index.IndexReader.open(IndexReader.java:476)
	at org.apache.lucene.index.IndexReader.open(IndexReader.java:403)
	at org.apache.solr.core.StandardIndexReaderFactory.newReader(StandardIndexReaderFactory.java:38)
	at org.apache.solr.core.SolrCore.getSearcher(SolrCore.java:1057)
	... 17 more

14:08:45,901 ERROR [org.apache.solr.core.CoreContainer] java.lang.RuntimeException: java.io.FileNotFoundException: /Users/fegor/Documents/workspace/alfviral/solr/solr_home/workspace/SpacesStore/index/segments_11 (No such file or directory)
	at org.apache.solr.core.SolrCore.getSearcher(SolrCore.java:1068)
	at org.apache.solr.core.SolrCore.<init>(SolrCore.java:579)
	at org.apache.solr.core.CoreContainer.create(CoreContainer.java:428)
	at org.apache.solr.core.CoreContainer.load(CoreContainer.java:278)
	at org.apache.solr.core.CoreContainer$Initializer.initialize(CoreContainer.java:117)
	at org.apache.solr.servlet.SolrDispatchFilter.init(SolrDispatchFilter.java:83)
	at org.apache.catalina.core.ApplicationFilterConfig.initFilter(ApplicationFilterConfig.java:281)
	at org.apache.catalina.core.ApplicationFilterConfig.getFilter(ApplicationFilterConfig.java:262)
	at org.apache.catalina.core.ApplicationFilterConfig.<init>(ApplicationFilterConfig.java:107)
	at org.apache.catalina.core.StandardContext.filterStart(StandardContext.java:4656)
	at org.apache.catalina.core.StandardContext.startInternal(StandardContext.java:5309)
	at org.apache.catalina.util.LifecycleBase.start(LifecycleBase.java:150)
	at org.apache.catalina.core.ContainerBase$StartChild.call(ContainerBase.java:1559)
	at org.apache.catalina.core.ContainerBase$StartChild.call(ContainerBase.java:1549)
	at java.util.concurrent.FutureTask.run(FutureTask.java:262)
	at java.util.concurrent.ThreadPoolExecutor.runWorker(ThreadPoolExecutor.java:1145)
	at java.util.concurrent.ThreadPoolExecutor$Worker.run(ThreadPoolExecutor.java:615)
	at java.lang.Thread.run(Thread.java:744)
Caused by: java.io.FileNotFoundException: /Users/fegor/Documents/workspace/alfviral/solr/solr_home/workspace/SpacesStore/index/segments_11 (No such file or directory)
	at java.io.RandomAccessFile.open(Native Method)
	at java.io.RandomAccessFile.<init>(RandomAccessFile.java:241)
	at org.apache.lucene.store.SimpleFSDirectory$SimpleFSIndexInput$Descriptor.<init>(SimpleFSDirectory.java:78)
	at org.apache.lucene.store.SimpleFSDirectory$SimpleFSIndexInput.<init>(SimpleFSDirectory.java:108)
	at org.apache.lucene.store.NIOFSDirectory$NIOFSIndexInput.<init>(NIOFSDirectory.java:94)
	at org.apache.lucene.store.NIOFSDirectory.openInput(NIOFSDirectory.java:70)
	at org.apache.lucene.store.FSDirectory.openInput(FSDirectory.java:691)
	at org.apache.lucene.index.SegmentInfos.read(SegmentInfos.java:236)
	at org.apache.lucene.index.DirectoryReader$1.doBody(DirectoryReader.java:72)
	at org.apache.lucene.index.SegmentInfos$FindSegmentsFile.run(SegmentInfos.java:683)
	at org.apache.lucene.index.DirectoryReader.open(DirectoryReader.java:69)
	at org.apache.lucene.index.IndexReader.open(IndexReader.java:476)
	at org.apache.lucene.index.IndexReader.open(IndexReader.java:403)
	at org.apache.solr.core.StandardIndexReaderFactory.newReader(StandardIndexReaderFactory.java:38)
	at org.apache.solr.core.SolrCore.getSearcher(SolrCore.java:1057)
	... 17 more

14:30:15,892 ERROR [org.apache.solr.core.CoreContainer] java.lang.RuntimeException: java.io.FileNotFoundException: /Users/fegor/Documents/workspace/alfviral/solr/solr_home/archive/SpacesStore/index/segments_11 (No such file or directory)
	at org.apache.solr.core.SolrCore.getSearcher(SolrCore.java:1068)
	at org.apache.solr.core.SolrCore.<init>(SolrCore.java:579)
	at org.apache.solr.core.CoreContainer.create(CoreContainer.java:428)
	at org.apache.solr.core.CoreContainer.load(CoreContainer.java:278)
	at org.apache.solr.core.CoreContainer$Initializer.initialize(CoreContainer.java:117)
	at org.apache.solr.servlet.SolrDispatchFilter.init(SolrDispatchFilter.java:83)
	at org.apache.catalina.core.ApplicationFilterConfig.initFilter(ApplicationFilterConfig.java:281)
	at org.apache.catalina.core.ApplicationFilterConfig.getFilter(ApplicationFilterConfig.java:262)
	at org.apache.catalina.core.ApplicationFilterConfig.<init>(ApplicationFilterConfig.java:107)
	at org.apache.catalina.core.StandardContext.filterStart(StandardContext.java:4656)
	at org.apache.catalina.core.StandardContext.startInternal(StandardContext.java:5309)
	at org.apache.catalina.util.LifecycleBase.start(LifecycleBase.java:150)
	at org.apache.catalina.core.ContainerBase$StartChild.call(ContainerBase.java:1559)
	at org.apache.catalina.core.ContainerBase$StartChild.call(ContainerBase.java:1549)
	at java.util.concurrent.FutureTask.run(FutureTask.java:262)
	at java.util.concurrent.ThreadPoolExecutor.runWorker(ThreadPoolExecutor.java:1145)
	at java.util.concurrent.ThreadPoolExecutor$Worker.run(ThreadPoolExecutor.java:615)
	at java.lang.Thread.run(Thread.java:744)
Caused by: java.io.FileNotFoundException: /Users/fegor/Documents/workspace/alfviral/solr/solr_home/archive/SpacesStore/index/segments_11 (No such file or directory)
	at java.io.RandomAccessFile.open(Native Method)
	at java.io.RandomAccessFile.<init>(RandomAccessFile.java:241)
	at org.apache.lucene.store.SimpleFSDirectory$SimpleFSIndexInput$Descriptor.<init>(SimpleFSDirectory.java:78)
	at org.apache.lucene.store.SimpleFSDirectory$SimpleFSIndexInput.<init>(SimpleFSDirectory.java:108)
	at org.apache.lucene.store.NIOFSDirectory$NIOFSIndexInput.<init>(NIOFSDirectory.java:94)
	at org.apache.lucene.store.NIOFSDirectory.openInput(NIOFSDirectory.java:70)
	at org.apache.lucene.store.FSDirectory.openInput(FSDirectory.java:691)
	at org.apache.lucene.index.SegmentInfos.read(SegmentInfos.java:236)
	at org.apache.lucene.index.DirectoryReader$1.doBody(DirectoryReader.java:72)
	at org.apache.lucene.index.SegmentInfos$FindSegmentsFile.run(SegmentInfos.java:683)
	at org.apache.lucene.index.DirectoryReader.open(DirectoryReader.java:69)
	at org.apache.lucene.index.IndexReader.open(IndexReader.java:476)
	at org.apache.lucene.index.IndexReader.open(IndexReader.java:403)
	at org.apache.solr.core.StandardIndexReaderFactory.newReader(StandardIndexReaderFactory.java:38)
	at org.apache.solr.core.SolrCore.getSearcher(SolrCore.java:1057)
	... 17 more

14:30:16,676 ERROR [org.apache.solr.core.CoreContainer] java.lang.RuntimeException: java.io.FileNotFoundException: /Users/fegor/Documents/workspace/alfviral/solr/solr_home/workspace/SpacesStore/index/segments_11 (No such file or directory)
	at org.apache.solr.core.SolrCore.getSearcher(SolrCore.java:1068)
	at org.apache.solr.core.SolrCore.<init>(SolrCore.java:579)
	at org.apache.solr.core.CoreContainer.create(CoreContainer.java:428)
	at org.apache.solr.core.CoreContainer.load(CoreContainer.java:278)
	at org.apache.solr.core.CoreContainer$Initializer.initialize(CoreContainer.java:117)
	at org.apache.solr.servlet.SolrDispatchFilter.init(SolrDispatchFilter.java:83)
	at org.apache.catalina.core.ApplicationFilterConfig.initFilter(ApplicationFilterConfig.java:281)
	at org.apache.catalina.core.ApplicationFilterConfig.getFilter(ApplicationFilterConfig.java:262)
	at org.apache.catalina.core.ApplicationFilterConfig.<init>(ApplicationFilterConfig.java:107)
	at org.apache.catalina.core.StandardContext.filterStart(StandardContext.java:4656)
	at org.apache.catalina.core.StandardContext.startInternal(StandardContext.java:5309)
	at org.apache.catalina.util.LifecycleBase.start(LifecycleBase.java:150)
	at org.apache.catalina.core.ContainerBase$StartChild.call(ContainerBase.java:1559)
	at org.apache.catalina.core.ContainerBase$StartChild.call(ContainerBase.java:1549)
	at java.util.concurrent.FutureTask.run(FutureTask.java:262)
	at java.util.concurrent.ThreadPoolExecutor.runWorker(ThreadPoolExecutor.java:1145)
	at java.util.concurrent.ThreadPoolExecutor$Worker.run(ThreadPoolExecutor.java:615)
	at java.lang.Thread.run(Thread.java:744)
Caused by: java.io.FileNotFoundException: /Users/fegor/Documents/workspace/alfviral/solr/solr_home/workspace/SpacesStore/index/segments_11 (No such file or directory)
	at java.io.RandomAccessFile.open(Native Method)
	at java.io.RandomAccessFile.<init>(RandomAccessFile.java:241)
	at org.apache.lucene.store.SimpleFSDirectory$SimpleFSIndexInput$Descriptor.<init>(SimpleFSDirectory.java:78)
	at org.apache.lucene.store.SimpleFSDirectory$SimpleFSIndexInput.<init>(SimpleFSDirectory.java:108)
	at org.apache.lucene.store.NIOFSDirectory$NIOFSIndexInput.<init>(NIOFSDirectory.java:94)
	at org.apache.lucene.store.NIOFSDirectory.openInput(NIOFSDirectory.java:70)
	at org.apache.lucene.store.FSDirectory.openInput(FSDirectory.java:691)
	at org.apache.lucene.index.SegmentInfos.read(SegmentInfos.java:236)
	at org.apache.lucene.index.DirectoryReader$1.doBody(DirectoryReader.java:72)
	at org.apache.lucene.index.SegmentInfos$FindSegmentsFile.run(SegmentInfos.java:683)
	at org.apache.lucene.index.DirectoryReader.open(DirectoryReader.java:69)
	at org.apache.lucene.index.IndexReader.open(IndexReader.java:476)
	at org.apache.lucene.index.IndexReader.open(IndexReader.java:403)
	at org.apache.solr.core.StandardIndexReaderFactory.newReader(StandardIndexReaderFactory.java:38)
	at org.apache.solr.core.SolrCore.getSearcher(SolrCore.java:1057)
	... 17 more

15:26:53,882 ERROR [org.apache.solr.core.CoreContainer] java.lang.RuntimeException: java.io.FileNotFoundException: /Users/fegor/Documents/workspace/alfviral/solr/solr_home/archive/SpacesStore/index/segments_11 (No such file or directory)
	at org.apache.solr.core.SolrCore.getSearcher(SolrCore.java:1068)
	at org.apache.solr.core.SolrCore.<init>(SolrCore.java:579)
	at org.apache.solr.core.CoreContainer.create(CoreContainer.java:428)
	at org.apache.solr.core.CoreContainer.load(CoreContainer.java:278)
	at org.apache.solr.core.CoreContainer$Initializer.initialize(CoreContainer.java:117)
	at org.apache.solr.servlet.SolrDispatchFilter.init(SolrDispatchFilter.java:83)
	at org.apache.catalina.core.ApplicationFilterConfig.initFilter(ApplicationFilterConfig.java:281)
	at org.apache.catalina.core.ApplicationFilterConfig.getFilter(ApplicationFilterConfig.java:262)
	at org.apache.catalina.core.ApplicationFilterConfig.<init>(ApplicationFilterConfig.java:107)
	at org.apache.catalina.core.StandardContext.filterStart(StandardContext.java:4656)
	at org.apache.catalina.core.StandardContext.startInternal(StandardContext.java:5309)
	at org.apache.catalina.util.LifecycleBase.start(LifecycleBase.java:150)
	at org.apache.catalina.core.ContainerBase$StartChild.call(ContainerBase.java:1559)
	at org.apache.catalina.core.ContainerBase$StartChild.call(ContainerBase.java:1549)
	at java.util.concurrent.FutureTask.run(FutureTask.java:262)
	at java.util.concurrent.ThreadPoolExecutor.runWorker(ThreadPoolExecutor.java:1145)
	at java.util.concurrent.ThreadPoolExecutor$Worker.run(ThreadPoolExecutor.java:615)
	at java.lang.Thread.run(Thread.java:744)
Caused by: java.io.FileNotFoundException: /Users/fegor/Documents/workspace/alfviral/solr/solr_home/archive/SpacesStore/index/segments_11 (No such file or directory)
	at java.io.RandomAccessFile.open(Native Method)
	at java.io.RandomAccessFile.<init>(RandomAccessFile.java:241)
	at org.apache.lucene.store.SimpleFSDirectory$SimpleFSIndexInput$Descriptor.<init>(SimpleFSDirectory.java:78)
	at org.apache.lucene.store.SimpleFSDirectory$SimpleFSIndexInput.<init>(SimpleFSDirectory.java:108)
	at org.apache.lucene.store.NIOFSDirectory$NIOFSIndexInput.<init>(NIOFSDirectory.java:94)
	at org.apache.lucene.store.NIOFSDirectory.openInput(NIOFSDirectory.java:70)
	at org.apache.lucene.store.FSDirectory.openInput(FSDirectory.java:691)
	at org.apache.lucene.index.SegmentInfos.read(SegmentInfos.java:236)
	at org.apache.lucene.index.DirectoryReader$1.doBody(DirectoryReader.java:72)
	at org.apache.lucene.index.SegmentInfos$FindSegmentsFile.run(SegmentInfos.java:683)
	at org.apache.lucene.index.DirectoryReader.open(DirectoryReader.java:69)
	at org.apache.lucene.index.IndexReader.open(IndexReader.java:476)
	at org.apache.lucene.index.IndexReader.open(IndexReader.java:403)
	at org.apache.solr.core.StandardIndexReaderFactory.newReader(StandardIndexReaderFactory.java:38)
	at org.apache.solr.core.SolrCore.getSearcher(SolrCore.java:1057)
	... 17 more

15:26:54,801 ERROR [org.apache.solr.core.CoreContainer] java.lang.RuntimeException: java.io.FileNotFoundException: /Users/fegor/Documents/workspace/alfviral/solr/solr_home/workspace/SpacesStore/index/segments_11 (No such file or directory)
	at org.apache.solr.core.SolrCore.getSearcher(SolrCore.java:1068)
	at org.apache.solr.core.SolrCore.<init>(SolrCore.java:579)
	at org.apache.solr.core.CoreContainer.create(CoreContainer.java:428)
	at org.apache.solr.core.CoreContainer.load(CoreContainer.java:278)
	at org.apache.solr.core.CoreContainer$Initializer.initialize(CoreContainer.java:117)
	at org.apache.solr.servlet.SolrDispatchFilter.init(SolrDispatchFilter.java:83)
	at org.apache.catalina.core.ApplicationFilterConfig.initFilter(ApplicationFilterConfig.java:281)
	at org.apache.catalina.core.ApplicationFilterConfig.getFilter(ApplicationFilterConfig.java:262)
	at org.apache.catalina.core.ApplicationFilterConfig.<init>(ApplicationFilterConfig.java:107)
	at org.apache.catalina.core.StandardContext.filterStart(StandardContext.java:4656)
	at org.apache.catalina.core.StandardContext.startInternal(StandardContext.java:5309)
	at org.apache.catalina.util.LifecycleBase.start(LifecycleBase.java:150)
	at org.apache.catalina.core.ContainerBase$StartChild.call(ContainerBase.java:1559)
	at org.apache.catalina.core.ContainerBase$StartChild.call(ContainerBase.java:1549)
	at java.util.concurrent.FutureTask.run(FutureTask.java:262)
	at java.util.concurrent.ThreadPoolExecutor.runWorker(ThreadPoolExecutor.java:1145)
	at java.util.concurrent.ThreadPoolExecutor$Worker.run(ThreadPoolExecutor.java:615)
	at java.lang.Thread.run(Thread.java:744)
Caused by: java.io.FileNotFoundException: /Users/fegor/Documents/workspace/alfviral/solr/solr_home/workspace/SpacesStore/index/segments_11 (No such file or directory)
	at java.io.RandomAccessFile.open(Native Method)
	at java.io.RandomAccessFile.<init>(RandomAccessFile.java:241)
	at org.apache.lucene.store.SimpleFSDirectory$SimpleFSIndexInput$Descriptor.<init>(SimpleFSDirectory.java:78)
	at org.apache.lucene.store.SimpleFSDirectory$SimpleFSIndexInput.<init>(SimpleFSDirectory.java:108)
	at org.apache.lucene.store.NIOFSDirectory$NIOFSIndexInput.<init>(NIOFSDirectory.java:94)
	at org.apache.lucene.store.NIOFSDirectory.openInput(NIOFSDirectory.java:70)
	at org.apache.lucene.store.FSDirectory.openInput(FSDirectory.java:691)
	at org.apache.lucene.index.SegmentInfos.read(SegmentInfos.java:236)
	at org.apache.lucene.index.DirectoryReader$1.doBody(DirectoryReader.java:72)
	at org.apache.lucene.index.SegmentInfos$FindSegmentsFile.run(SegmentInfos.java:683)
	at org.apache.lucene.index.DirectoryReader.open(DirectoryReader.java:69)
	at org.apache.lucene.index.IndexReader.open(IndexReader.java:476)
	at org.apache.lucene.index.IndexReader.open(IndexReader.java:403)
	at org.apache.solr.core.StandardIndexReaderFactory.newReader(StandardIndexReaderFactory.java:38)
	at org.apache.solr.core.SolrCore.getSearcher(SolrCore.java:1057)
	... 17 more

17:52:14,878 ERROR [org.apache.solr.core.CoreContainer] java.lang.RuntimeException: java.io.FileNotFoundException: /Users/fegor/Documents/workspace/alfviral/solr/solr_home/archive/SpacesStore/index/segments_11 (No such file or directory)
	at org.apache.solr.core.SolrCore.getSearcher(SolrCore.java:1068)
	at org.apache.solr.core.SolrCore.<init>(SolrCore.java:579)
	at org.apache.solr.core.CoreContainer.create(CoreContainer.java:428)
	at org.apache.solr.core.CoreContainer.load(CoreContainer.java:278)
	at org.apache.solr.core.CoreContainer$Initializer.initialize(CoreContainer.java:117)
	at org.apache.solr.servlet.SolrDispatchFilter.init(SolrDispatchFilter.java:83)
	at org.apache.catalina.core.ApplicationFilterConfig.initFilter(ApplicationFilterConfig.java:281)
	at org.apache.catalina.core.ApplicationFilterConfig.getFilter(ApplicationFilterConfig.java:262)
	at org.apache.catalina.core.ApplicationFilterConfig.<init>(ApplicationFilterConfig.java:107)
	at org.apache.catalina.core.StandardContext.filterStart(StandardContext.java:4656)
	at org.apache.catalina.core.StandardContext.startInternal(StandardContext.java:5309)
	at org.apache.catalina.util.LifecycleBase.start(LifecycleBase.java:150)
	at org.apache.catalina.core.ContainerBase$StartChild.call(ContainerBase.java:1559)
	at org.apache.catalina.core.ContainerBase$StartChild.call(ContainerBase.java:1549)
	at java.util.concurrent.FutureTask.run(FutureTask.java:262)
	at java.util.concurrent.ThreadPoolExecutor.runWorker(ThreadPoolExecutor.java:1145)
	at java.util.concurrent.ThreadPoolExecutor$Worker.run(ThreadPoolExecutor.java:615)
	at java.lang.Thread.run(Thread.java:744)
Caused by: java.io.FileNotFoundException: /Users/fegor/Documents/workspace/alfviral/solr/solr_home/archive/SpacesStore/index/segments_11 (No such file or directory)
	at java.io.RandomAccessFile.open(Native Method)
	at java.io.RandomAccessFile.<init>(RandomAccessFile.java:241)
	at org.apache.lucene.store.SimpleFSDirectory$SimpleFSIndexInput$Descriptor.<init>(SimpleFSDirectory.java:78)
	at org.apache.lucene.store.SimpleFSDirectory$SimpleFSIndexInput.<init>(SimpleFSDirectory.java:108)
	at org.apache.lucene.store.NIOFSDirectory$NIOFSIndexInput.<init>(NIOFSDirectory.java:94)
	at org.apache.lucene.store.NIOFSDirectory.openInput(NIOFSDirectory.java:70)
	at org.apache.lucene.store.FSDirectory.openInput(FSDirectory.java:691)
	at org.apache.lucene.index.SegmentInfos.read(SegmentInfos.java:236)
	at org.apache.lucene.index.DirectoryReader$1.doBody(DirectoryReader.java:72)
	at org.apache.lucene.index.SegmentInfos$FindSegmentsFile.run(SegmentInfos.java:683)
	at org.apache.lucene.index.DirectoryReader.open(DirectoryReader.java:69)
	at org.apache.lucene.index.IndexReader.open(IndexReader.java:476)
	at org.apache.lucene.index.IndexReader.open(IndexReader.java:403)
	at org.apache.solr.core.StandardIndexReaderFactory.newReader(StandardIndexReaderFactory.java:38)
	at org.apache.solr.core.SolrCore.getSearcher(SolrCore.java:1057)
	... 17 more

17:52:15,810 ERROR [org.apache.solr.core.CoreContainer] java.lang.RuntimeException: java.io.FileNotFoundException: /Users/fegor/Documents/workspace/alfviral/solr/solr_home/workspace/SpacesStore/index/segments_11 (No such file or directory)
	at org.apache.solr.core.SolrCore.getSearcher(SolrCore.java:1068)
	at org.apache.solr.core.SolrCore.<init>(SolrCore.java:579)
	at org.apache.solr.core.CoreContainer.create(CoreContainer.java:428)
	at org.apache.solr.core.CoreContainer.load(CoreContainer.java:278)
	at org.apache.solr.core.CoreContainer$Initializer.initialize(CoreContainer.java:117)
	at org.apache.solr.servlet.SolrDispatchFilter.init(SolrDispatchFilter.java:83)
	at org.apache.catalina.core.ApplicationFilterConfig.initFilter(ApplicationFilterConfig.java:281)
	at org.apache.catalina.core.ApplicationFilterConfig.getFilter(ApplicationFilterConfig.java:262)
	at org.apache.catalina.core.ApplicationFilterConfig.<init>(ApplicationFilterConfig.java:107)
	at org.apache.catalina.core.StandardContext.filterStart(StandardContext.java:4656)
	at org.apache.catalina.core.StandardContext.startInternal(StandardContext.java:5309)
	at org.apache.catalina.util.LifecycleBase.start(LifecycleBase.java:150)
	at org.apache.catalina.core.ContainerBase$StartChild.call(ContainerBase.java:1559)
	at org.apache.catalina.core.ContainerBase$StartChild.call(ContainerBase.java:1549)
	at java.util.concurrent.FutureTask.run(FutureTask.java:262)
	at java.util.concurrent.ThreadPoolExecutor.runWorker(ThreadPoolExecutor.java:1145)
	at java.util.concurrent.ThreadPoolExecutor$Worker.run(ThreadPoolExecutor.java:615)
	at java.lang.Thread.run(Thread.java:744)
Caused by: java.io.FileNotFoundException: /Users/fegor/Documents/workspace/alfviral/solr/solr_home/workspace/SpacesStore/index/segments_11 (No such file or directory)
	at java.io.RandomAccessFile.open(Native Method)
	at java.io.RandomAccessFile.<init>(RandomAccessFile.java:241)
	at org.apache.lucene.store.SimpleFSDirectory$SimpleFSIndexInput$Descriptor.<init>(SimpleFSDirectory.java:78)
	at org.apache.lucene.store.SimpleFSDirectory$SimpleFSIndexInput.<init>(SimpleFSDirectory.java:108)
	at org.apache.lucene.store.NIOFSDirectory$NIOFSIndexInput.<init>(NIOFSDirectory.java:94)
	at org.apache.lucene.store.NIOFSDirectory.openInput(NIOFSDirectory.java:70)
	at org.apache.lucene.store.FSDirectory.openInput(FSDirectory.java:691)
	at org.apache.lucene.index.SegmentInfos.read(SegmentInfos.java:236)
	at org.apache.lucene.index.DirectoryReader$1.doBody(DirectoryReader.java:72)
	at org.apache.lucene.index.SegmentInfos$FindSegmentsFile.run(SegmentInfos.java:683)
	at org.apache.lucene.index.DirectoryReader.open(DirectoryReader.java:69)
	at org.apache.lucene.index.IndexReader.open(IndexReader.java:476)
	at org.apache.lucene.index.IndexReader.open(IndexReader.java:403)
	at org.apache.solr.core.StandardIndexReaderFactory.newReader(StandardIndexReaderFactory.java:38)
	at org.apache.solr.core.SolrCore.getSearcher(SolrCore.java:1057)
	... 17 more

18:18:36,114 ERROR [org.apache.solr.core.CoreContainer] java.lang.RuntimeException: java.io.FileNotFoundException: /Users/fegor/Documents/workspace/alfviral/solr/solr_home/archive/SpacesStore/index/segments_11 (No such file or directory)
	at org.apache.solr.core.SolrCore.getSearcher(SolrCore.java:1068)
	at org.apache.solr.core.SolrCore.<init>(SolrCore.java:579)
	at org.apache.solr.core.CoreContainer.create(CoreContainer.java:428)
	at org.apache.solr.core.CoreContainer.load(CoreContainer.java:278)
	at org.apache.solr.core.CoreContainer$Initializer.initialize(CoreContainer.java:117)
	at org.apache.solr.servlet.SolrDispatchFilter.init(SolrDispatchFilter.java:83)
	at org.apache.catalina.core.ApplicationFilterConfig.initFilter(ApplicationFilterConfig.java:281)
	at org.apache.catalina.core.ApplicationFilterConfig.getFilter(ApplicationFilterConfig.java:262)
	at org.apache.catalina.core.ApplicationFilterConfig.<init>(ApplicationFilterConfig.java:107)
	at org.apache.catalina.core.StandardContext.filterStart(StandardContext.java:4656)
	at org.apache.catalina.core.StandardContext.startInternal(StandardContext.java:5309)
	at org.apache.catalina.util.LifecycleBase.start(LifecycleBase.java:150)
	at org.apache.catalina.core.ContainerBase$StartChild.call(ContainerBase.java:1559)
	at org.apache.catalina.core.ContainerBase$StartChild.call(ContainerBase.java:1549)
	at java.util.concurrent.FutureTask.run(FutureTask.java:262)
	at java.util.concurrent.ThreadPoolExecutor.runWorker(ThreadPoolExecutor.java:1145)
	at java.util.concurrent.ThreadPoolExecutor$Worker.run(ThreadPoolExecutor.java:615)
	at java.lang.Thread.run(Thread.java:744)
Caused by: java.io.FileNotFoundException: /Users/fegor/Documents/workspace/alfviral/solr/solr_home/archive/SpacesStore/index/segments_11 (No such file or directory)
	at java.io.RandomAccessFile.open(Native Method)
	at java.io.RandomAccessFile.<init>(RandomAccessFile.java:241)
	at org.apache.lucene.store.SimpleFSDirectory$SimpleFSIndexInput$Descriptor.<init>(SimpleFSDirectory.java:78)
	at org.apache.lucene.store.SimpleFSDirectory$SimpleFSIndexInput.<init>(SimpleFSDirectory.java:108)
	at org.apache.lucene.store.NIOFSDirectory$NIOFSIndexInput.<init>(NIOFSDirectory.java:94)
	at org.apache.lucene.store.NIOFSDirectory.openInput(NIOFSDirectory.java:70)
	at org.apache.lucene.store.FSDirectory.openInput(FSDirectory.java:691)
	at org.apache.lucene.index.SegmentInfos.read(SegmentInfos.java:236)
	at org.apache.lucene.index.DirectoryReader$1.doBody(DirectoryReader.java:72)
	at org.apache.lucene.index.SegmentInfos$FindSegmentsFile.run(SegmentInfos.java:683)
	at org.apache.lucene.index.DirectoryReader.open(DirectoryReader.java:69)
	at org.apache.lucene.index.IndexReader.open(IndexReader.java:476)
	at org.apache.lucene.index.IndexReader.open(IndexReader.java:403)
	at org.apache.solr.core.StandardIndexReaderFactory.newReader(StandardIndexReaderFactory.java:38)
	at org.apache.solr.core.SolrCore.getSearcher(SolrCore.java:1057)
	... 17 more

18:18:36,869 ERROR [org.apache.solr.core.CoreContainer] java.lang.RuntimeException: java.io.FileNotFoundException: /Users/fegor/Documents/workspace/alfviral/solr/solr_home/workspace/SpacesStore/index/segments_11 (No such file or directory)
	at org.apache.solr.core.SolrCore.getSearcher(SolrCore.java:1068)
	at org.apache.solr.core.SolrCore.<init>(SolrCore.java:579)
	at org.apache.solr.core.CoreContainer.create(CoreContainer.java:428)
	at org.apache.solr.core.CoreContainer.load(CoreContainer.java:278)
	at org.apache.solr.core.CoreContainer$Initializer.initialize(CoreContainer.java:117)
	at org.apache.solr.servlet.SolrDispatchFilter.init(SolrDispatchFilter.java:83)
	at org.apache.catalina.core.ApplicationFilterConfig.initFilter(ApplicationFilterConfig.java:281)
	at org.apache.catalina.core.ApplicationFilterConfig.getFilter(ApplicationFilterConfig.java:262)
	at org.apache.catalina.core.ApplicationFilterConfig.<init>(ApplicationFilterConfig.java:107)
	at org.apache.catalina.core.StandardContext.filterStart(StandardContext.java:4656)
	at org.apache.catalina.core.StandardContext.startInternal(StandardContext.java:5309)
	at org.apache.catalina.util.LifecycleBase.start(LifecycleBase.java:150)
	at org.apache.catalina.core.ContainerBase$StartChild.call(ContainerBase.java:1559)
	at org.apache.catalina.core.ContainerBase$StartChild.call(ContainerBase.java:1549)
	at java.util.concurrent.FutureTask.run(FutureTask.java:262)
	at java.util.concurrent.ThreadPoolExecutor.runWorker(ThreadPoolExecutor.java:1145)
	at java.util.concurrent.ThreadPoolExecutor$Worker.run(ThreadPoolExecutor.java:615)
	at java.lang.Thread.run(Thread.java:744)
Caused by: java.io.FileNotFoundException: /Users/fegor/Documents/workspace/alfviral/solr/solr_home/workspace/SpacesStore/index/segments_11 (No such file or directory)
	at java.io.RandomAccessFile.open(Native Method)
	at java.io.RandomAccessFile.<init>(RandomAccessFile.java:241)
	at org.apache.lucene.store.SimpleFSDirectory$SimpleFSIndexInput$Descriptor.<init>(SimpleFSDirectory.java:78)
	at org.apache.lucene.store.SimpleFSDirectory$SimpleFSIndexInput.<init>(SimpleFSDirectory.java:108)
	at org.apache.lucene.store.NIOFSDirectory$NIOFSIndexInput.<init>(NIOFSDirectory.java:94)
	at org.apache.lucene.store.NIOFSDirectory.openInput(NIOFSDirectory.java:70)
	at org.apache.lucene.store.FSDirectory.openInput(FSDirectory.java:691)
	at org.apache.lucene.index.SegmentInfos.read(SegmentInfos.java:236)
	at org.apache.lucene.index.DirectoryReader$1.doBody(DirectoryReader.java:72)
	at org.apache.lucene.index.SegmentInfos$FindSegmentsFile.run(SegmentInfos.java:683)
	at org.apache.lucene.index.DirectoryReader.open(DirectoryReader.java:69)
	at org.apache.lucene.index.IndexReader.open(IndexReader.java:476)
	at org.apache.lucene.index.IndexReader.open(IndexReader.java:403)
	at org.apache.solr.core.StandardIndexReaderFactory.newReader(StandardIndexReaderFactory.java:38)
	at org.apache.solr.core.SolrCore.getSearcher(SolrCore.java:1057)
	... 17 more

